[INFO]:	2022/08/26 17:03:06 dbase.go:28: connected to the db: DB<dialect=pg> 
[WARNING]:	2022/08/26 17:03:06 dbase.go:37: RESTARTING DB..
[WARNING]:	2022/08/26 17:03:06 turnero.go:14: Initialazing turnos..
[INFO]:	2022/08/26 17:03:06 dbase.go:28: connected to the db: DB<dialect=pg> 
[INFO]:	2022/08/26 17:03:06 turno.go:108: 450 turnos persisted
[INFO]:	2022/08/26 17:03:06 dbase.go:28: connected to the db: DB<dialect=pg> 
[INFO]:	2022/08/26 17:03:06 dbase.go:28: connected to the db: DB<dialect=pg> 
[INFO]:	2022/08/26 17:03:27 dbase.go:28: connected to the db: DB<dialect=pg> 
[WARNING]:	2022/08/26 17:03:27 dbase.go:37: RESTARTING DB..
[WARNING]:	2022/08/26 17:03:27 turnero.go:14: Initialazing turnos..
[INFO]:	2022/08/26 17:03:27 dbase.go:28: connected to the db: DB<dialect=pg> 
[INFO]:	2022/08/26 17:03:27 turno.go:108: 450 turnos persisted
[INFO]:	2022/08/26 17:03:27 dbase.go:28: connected to the db: DB<dialect=pg> 
[INFO]:	2022/08/26 17:03:27 dbase.go:28: connected to the db: DB<dialect=pg> 
[INFO]:	2022/08/26 17:03:42 dbase.go:28: connected to the db: DB<dialect=pg> 
[WARNING]:	2022/08/26 17:03:42 dbase.go:37: RESTARTING DB..
[WARNING]:	2022/08/26 17:03:42 turnero.go:14: Initialazing turnos..
[INFO]:	2022/08/26 17:03:42 dbase.go:28: connected to the db: DB<dialect=pg> 
[INFO]:	2022/08/26 17:03:42 turno.go:108: 450 turnos persisted
[INFO]:	2022/08/26 17:03:42 dbase.go:28: connected to the db: DB<dialect=pg> 
[INFO]:	2022/08/27 11:41:45 turno.go:14: getting availabale turnos
[INFO]:	2022/08/27 11:41:45 dbase.go:28: connected to the db: DB<dialect=pg> 
[ERROR]:	2022/08/27 11:41:45 turno.go:25: error getting available turnos: ERROR: column t.ownerID does not exist (SQLSTATE=42703)
[INFO]:	2022/08/27 11:42:18 dbase.go:28: connected to the db: DB<dialect=pg> 
[WARNING]:	2022/08/27 11:42:18 dbase.go:37: RESTARTING DB..
[WARNING]:	2022/08/27 11:42:18 turnero.go:16: Initialazing turnos..
[INFO]:	2022/08/27 11:42:18 dbase.go:28: connected to the db: DB<dialect=pg> 
[INFO]:	2022/08/27 11:42:18 turno.go:108: 450 turnos persisted
[INFO]:	2022/08/27 11:42:18 dbase.go:28: connected to the db: DB<dialect=pg> 
[INFO]:	2022/08/27 11:42:19 turno.go:14: getting availabale turnos
[INFO]:	2022/08/27 11:42:19 dbase.go:28: connected to the db: DB<dialect=pg> 
[INFO]:	2022/08/27 11:46:32 dbase.go:28: connected to the db: DB<dialect=pg> 
[WARNING]:	2022/08/27 11:46:32 dbase.go:37: RESTARTING DB..
[WARNING]:	2022/08/27 11:46:32 turnero.go:16: Initialazing turnos..
[INFO]:	2022/08/27 11:46:32 dbase.go:28: connected to the db: DB<dialect=pg> 
[INFO]:	2022/08/27 11:46:32 turno.go:108: 450 turnos persisted
[INFO]:	2022/08/27 11:46:32 dbase.go:28: connected to the db: DB<dialect=pg> 
[INFO]:	2022/08/27 11:46:34 turno.go:14: getting availabale turnos
[INFO]:	2022/08/27 11:46:34 dbase.go:28: connected to the db: DB<dialect=pg> 
[INFO]:	2022/08/27 11:47:06 dbase.go:28: connected to the db: DB<dialect=pg> 
[WARNING]:	2022/08/27 11:47:06 dbase.go:37: RESTARTING DB..
[WARNING]:	2022/08/27 11:47:06 turnero.go:16: Initialazing turnos..
[INFO]:	2022/08/27 11:47:06 dbase.go:28: connected to the db: DB<dialect=pg> 
[INFO]:	2022/08/27 11:47:06 turno.go:108: 450 turnos persisted
[INFO]:	2022/08/27 11:47:06 dbase.go:28: connected to the db: DB<dialect=pg> 
[INFO]:	2022/08/27 11:47:08 turno.go:14: getting availabale turnos
[INFO]:	2022/08/27 11:47:08 dbase.go:28: connected to the db: DB<dialect=pg> 
[INFO]:	2022/08/27 11:47:09 turno.go:14: getting availabale turnos
[INFO]:	2022/08/27 11:47:09 dbase.go:28: connected to the db: DB<dialect=pg> 
[INFO]:	2022/08/27 11:47:15 turno.go:14: getting availabale turnos
[INFO]:	2022/08/27 11:47:15 dbase.go:28: connected to the db: DB<dialect=pg> 
[INFO]:	2022/08/27 11:47:15 turno.go:14: getting availabale turnos
[INFO]:	2022/08/27 11:47:15 dbase.go:28: connected to the db: DB<dialect=pg> 
[INFO]:	2022/08/27 11:47:28 dbase.go:28: connected to the db: DB<dialect=pg> 
[WARNING]:	2022/08/27 11:47:28 dbase.go:37: RESTARTING DB..
[WARNING]:	2022/08/27 11:47:28 turnero.go:16: Initialazing turnos..
[INFO]:	2022/08/27 11:47:28 dbase.go:28: connected to the db: DB<dialect=pg> 
[INFO]:	2022/08/27 11:47:28 turno.go:108: 450 turnos persisted
[INFO]:	2022/08/27 11:47:28 dbase.go:28: connected to the db: DB<dialect=pg> 
[INFO]:	2022/08/27 11:47:28 turno.go:14: getting availabale turnos
[INFO]:	2022/08/27 11:47:28 dbase.go:28: connected to the db: DB<dialect=pg> 
[INFO]:	2022/08/27 11:48:16 dbase.go:28: connected to the db: DB<dialect=pg> 
[WARNING]:	2022/08/27 11:48:16 dbase.go:37: RESTARTING DB..
[WARNING]:	2022/08/27 11:48:16 turnero.go:16: Initialazing turnos..
[INFO]:	2022/08/27 11:48:16 dbase.go:28: connected to the db: DB<dialect=pg> 
[INFO]:	2022/08/27 11:48:16 turno.go:108: 450 turnos persisted
[INFO]:	2022/08/27 11:48:16 dbase.go:28: connected to the db: DB<dialect=pg> 
[INFO]:	2022/08/27 11:48:17 turno.go:14: getting availabale turnos
[INFO]:	2022/08/27 11:48:17 dbase.go:28: connected to the db: DB<dialect=pg> 
[INFO]:	2022/08/27 11:48:18 turno.go:14: getting availabale turnos
[INFO]:	2022/08/27 11:48:18 dbase.go:28: connected to the db: DB<dialect=pg> 
[INFO]:	2022/08/27 11:48:19 turno.go:14: getting availabale turnos
[INFO]:	2022/08/27 11:48:19 dbase.go:28: connected to the db: DB<dialect=pg> 
[INFO]:	2022/08/27 11:48:49 dbase.go:28: connected to the db: DB<dialect=pg> 
[WARNING]:	2022/08/27 11:48:49 dbase.go:37: RESTARTING DB..
[WARNING]:	2022/08/27 11:48:49 turnero.go:16: Initialazing turnos..
[INFO]:	2022/08/27 11:48:49 dbase.go:28: connected to the db: DB<dialect=pg> 
[INFO]:	2022/08/27 11:48:49 turno.go:108: 450 turnos persisted
[INFO]:	2022/08/27 11:48:49 dbase.go:28: connected to the db: DB<dialect=pg> 
[INFO]:	2022/08/27 11:48:53 turno.go:14: getting availabale turnos
[INFO]:	2022/08/27 11:48:53 dbase.go:28: connected to the db: DB<dialect=pg> 
[INFO]:	2022/08/27 11:49:21 dbase.go:28: connected to the db: DB<dialect=pg> 
[WARNING]:	2022/08/27 11:49:21 dbase.go:37: RESTARTING DB..
[WARNING]:	2022/08/27 11:49:21 turnero.go:16: Initialazing turnos..
[INFO]:	2022/08/27 11:49:21 dbase.go:28: connected to the db: DB<dialect=pg> 
[INFO]:	2022/08/27 11:49:21 turno.go:108: 450 turnos persisted
[INFO]:	2022/08/27 11:49:21 dbase.go:28: connected to the db: DB<dialect=pg> 
[INFO]:	2022/08/27 11:49:25 turno.go:14: getting availabale turnos
[INFO]:	2022/08/27 11:49:25 dbase.go:28: connected to the db: DB<dialect=pg> 
[INFO]:	2022/08/27 12:03:18 dbase.go:28: connected to the db: DB<dialect=pg> 
[WARNING]:	2022/08/27 12:03:18 dbase.go:37: RESTARTING DB..
[WARNING]:	2022/08/27 12:03:18 turnero.go:16: Initialazing turnos..
[INFO]:	2022/08/27 12:03:18 dbase.go:28: connected to the db: DB<dialect=pg> 
[INFO]:	2022/08/27 12:03:18 turno.go:129: 450 turnos persisted
[INFO]:	2022/08/27 12:03:18 dbase.go:28: connected to the db: DB<dialect=pg> 
[INFO]:	2022/08/27 12:03:22 turno.go:14: getting availabale turnos
[INFO]:	2022/08/27 12:03:22 dbase.go:28: connected to the db: DB<dialect=pg> 
[INFO]:	2022/08/27 12:03:23 turno.go:56: finding turno by id: '%!d(string=1)'
[INFO]:	2022/08/27 12:03:23 dbase.go:28: connected to the db: DB<dialect=pg> 
[INFO]:	2022/08/27 12:03:26 turno.go:56: finding turno by id: '%!d(string=2)'
[INFO]:	2022/08/27 12:03:26 dbase.go:28: connected to the db: DB<dialect=pg> 
[INFO]:	2022/08/27 12:03:29 turno.go:56: finding turno by id: '%!d(string=3)'
[INFO]:	2022/08/27 12:03:29 dbase.go:28: connected to the db: DB<dialect=pg> 
[INFO]:	2022/08/27 12:03:38 turno.go:56: finding turno by id: '%!d(string=3312)'
[INFO]:	2022/08/27 12:03:38 dbase.go:28: connected to the db: DB<dialect=pg> 
[ERROR]:	2022/08/27 12:03:38 turno.go:67: getting turno by id: '%!d(string=3312)'
[INFO]:	2022/08/27 12:04:55 dbase.go:28: connected to the db: DB<dialect=pg> 
[WARNING]:	2022/08/27 12:04:55 dbase.go:37: RESTARTING DB..
[WARNING]:	2022/08/27 12:04:55 turnero.go:16: Initialazing turnos..
[INFO]:	2022/08/27 12:04:55 dbase.go:28: connected to the db: DB<dialect=pg> 
[INFO]:	2022/08/27 12:04:55 turno.go:133: 450 turnos persisted
[INFO]:	2022/08/27 12:04:55 dbase.go:28: connected to the db: DB<dialect=pg> 
[INFO]:	2022/08/27 12:04:56 turno.go:58: finding turno by id: '%!d(string=3312)'
[INFO]:	2022/08/27 12:04:56 dbase.go:28: connected to the db: DB<dialect=pg> 
[ERROR]:	2022/08/27 12:04:56 turno.go:70: turno '3312' not found
[INFO]:	2022/08/27 12:04:59 turno.go:58: finding turno by id: '%!d(string=12)'
[INFO]:	2022/08/27 12:04:59 dbase.go:28: connected to the db: DB<dialect=pg> 
[INFO]:	2022/08/27 12:05:02 turno.go:58: finding turno by id: '%!d(string=51)'
[INFO]:	2022/08/27 12:05:02 dbase.go:28: connected to the db: DB<dialect=pg> 
[INFO]:	2022/08/27 12:06:39 dbase.go:28: connected to the db: DB<dialect=pg> 
[WARNING]:	2022/08/27 12:06:39 dbase.go:37: RESTARTING DB..
[WARNING]:	2022/08/27 12:06:39 turnero.go:16: Initialazing turnos..
[INFO]:	2022/08/27 12:06:39 dbase.go:28: connected to the db: DB<dialect=pg> 
[INFO]:	2022/08/27 12:06:39 turno.go:133: 450 turnos persisted
[INFO]:	2022/08/27 12:06:39 dbase.go:28: connected to the db: DB<dialect=pg> 
[INFO]:	2022/08/27 12:06:40 turno.go:16: getting availabale turnos
[INFO]:	2022/08/27 12:06:40 dbase.go:28: connected to the db: DB<dialect=pg> 
[INFO]:	2022/08/27 12:06:41 turno.go:16: getting availabale turnos
[INFO]:	2022/08/27 12:06:41 dbase.go:28: connected to the db: DB<dialect=pg> 
[INFO]:	2022/08/27 12:18:52 dbase.go:28: connected to the db: DB<dialect=pg> 
[WARNING]:	2022/08/27 12:18:52 dbase.go:37: RESTARTING DB..
[WARNING]:	2022/08/27 12:18:52 turnero.go:16: Initialazing turnos..
[INFO]:	2022/08/27 12:18:52 dbase.go:28: connected to the db: DB<dialect=pg> 
[INFO]:	2022/08/27 12:18:52 turno.go:138: 450 turnos persisted
[INFO]:	2022/08/27 12:18:52 dbase.go:28: connected to the db: DB<dialect=pg> 
[INFO]:	2022/08/27 12:18:58 turno.go:16: getting availabale turnos
[INFO]:	2022/08/27 12:18:58 dbase.go:28: connected to the db: DB<dialect=pg> 
[INFO]:	2022/08/27 12:18:59 turno.go:58: finding turno by id: '%!d(string=1)'
[INFO]:	2022/08/27 12:18:59 dbase.go:28: connected to the db: DB<dialect=pg> 
[INFO]:	2022/08/27 12:20:02 turno.go:106: reserving turno
[INFO]:	2022/08/27 12:20:02 dbase.go:28: connected to the db: DB<dialect=pg> 
[ERROR]:	2022/08/27 12:20:02 turno.go:120: reserving turno '1' for user '0'
[INFO]:	2022/08/27 12:20:33 dbase.go:28: connected to the db: DB<dialect=pg> 
[WARNING]:	2022/08/27 12:20:33 dbase.go:37: RESTARTING DB..
[WARNING]:	2022/08/27 12:20:33 turnero.go:16: Initialazing turnos..
[INFO]:	2022/08/27 12:20:33 dbase.go:28: connected to the db: DB<dialect=pg> 
[INFO]:	2022/08/27 12:20:33 turno.go:138: 450 turnos persisted
[INFO]:	2022/08/27 12:20:33 dbase.go:28: connected to the db: DB<dialect=pg> 
[INFO]:	2022/08/27 12:20:35 turno.go:106: reserving turno
[INFO]:	2022/08/27 12:20:35 dbase.go:28: connected to the db: DB<dialect=pg> 
[ERROR]:	2022/08/27 12:20:35 turno.go:120: reserving turno '1' for user '0'
[INFO]:	2022/08/27 12:21:12 dbase.go:28: connected to the db: DB<dialect=pg> 
[WARNING]:	2022/08/27 12:21:12 dbase.go:37: RESTARTING DB..
[WARNING]:	2022/08/27 12:21:12 turnero.go:16: Initialazing turnos..
[INFO]:	2022/08/27 12:21:12 dbase.go:28: connected to the db: DB<dialect=pg> 
[INFO]:	2022/08/27 12:21:12 turno.go:138: 450 turnos persisted
[INFO]:	2022/08/27 12:21:12 dbase.go:28: connected to the db: DB<dialect=pg> 
[INFO]:	2022/08/27 12:21:14 turno.go:106: reserving turno
[INFO]:	2022/08/27 12:21:14 dbase.go:28: connected to the db: DB<dialect=pg> 
[ERROR]:	2022/08/27 12:21:14 turno.go:120: reserving turno '0' for user '0'
[INFO]:	2022/08/27 12:21:38 dbase.go:28: connected to the db: DB<dialect=pg> 
[WARNING]:	2022/08/27 12:21:38 dbase.go:37: RESTARTING DB..
[WARNING]:	2022/08/27 12:21:38 turnero.go:16: Initialazing turnos..
[INFO]:	2022/08/27 12:21:38 dbase.go:28: connected to the db: DB<dialect=pg> 
[INFO]:	2022/08/27 12:21:38 turno.go:138: 450 turnos persisted
[INFO]:	2022/08/27 12:21:38 dbase.go:28: connected to the db: DB<dialect=pg> 
[INFO]:	2022/08/27 12:21:49 dbase.go:28: connected to the db: DB<dialect=pg> 
[WARNING]:	2022/08/27 12:21:49 dbase.go:37: RESTARTING DB..
[WARNING]:	2022/08/27 12:21:49 turnero.go:16: Initialazing turnos..
[INFO]:	2022/08/27 12:21:49 dbase.go:28: connected to the db: DB<dialect=pg> 
[INFO]:	2022/08/27 12:21:49 turno.go:138: 450 turnos persisted
[INFO]:	2022/08/27 12:21:49 dbase.go:28: connected to the db: DB<dialect=pg> 
[INFO]:	2022/08/27 12:21:50 turno.go:106: reserving turno
[INFO]:	2022/08/27 12:21:50 dbase.go:28: connected to the db: DB<dialect=pg> 
[ERROR]:	2022/08/27 12:21:50 turno.go:120: reserving turno '0' for user '0': ERROR: column "ownerid" of relation "turnos" does not exist (SQLSTATE=42703) 

